2026-06-09 16:57:33,692 [INFO] --- New poll cycle ---
2026-06-09 16:57:33,695 [INFO] Opening new chat page...
2026-06-09 16:57:41,376 [INFO] Scan: 4 unread conversations
2026-06-09 16:57:41,376 [INFO]   [0] 胡女士 x2: 您正在与Boss胡女士沟通
2026-06-09 16:57:41,376 [INFO]   [1] 王女士 x1: 您好,感谢您的应聘，经过初步筛选，您的背景与现项目不太匹配，后续有合适的机会我会联系您，感谢您的关注
2026-06-09 16:57:41,377 [INFO]   [2] 蒲女士 x2: 您正在与Boss蒲女士沟通
2026-06-09 16:57:41,377 [INFO]   [3] 王照国 x2: 您正在与Boss王照国沟通
2026-06-09 16:57:41,377 [INFO] Opening: [0] 胡女士
2026-06-09 16:57:44,530 [INFO] Read 6 messages from 胡女士
2026-06-09 16:57:50,152 [INFO] Reply sent to 胡女士: 感谢您的关注，这是我的简历，期待与您进一步沟通！...
2026-06-09 16:58:14,537 [INFO] --- New poll cycle ---
2026-06-09 16:58:14,537 [INFO] Opening new chat page...
2026-06-09 16:58:22,126 [INFO] Scan: 3 unread conversations
2026-06-09 16:58:22,126 [INFO]   [0] 王女士 x1: 您好,感谢您的应聘，经过初步筛选，您的背景与现项目不太匹配，后续有合适的机会我会联系您，感谢您的关注
2026-06-09 16:58:22,126 [INFO]   [1] 蒲女士 x2: 您正在与Boss蒲女士沟通
2026-06-09 16:58:22,126 [INFO]   [2] 王照国 x2: 您正在与Boss王照国沟通
2026-06-09 16:58:22,127 [INFO] Opening: [0] 王女士
2026-06-09 16:58:25,279 [INFO] Read 4 messages from 王女士
2026-06-09 16:58:31,250 [INFO] Reply sent to 王女士: 感谢您的反馈。虽然行业不同，但我在音乐数据、AI产品、平台型工具领域积累了10年经验，从开发到产品总监的完整视角，以及数...
2026-06-09 16:58:40,253 [INFO] --- New poll cycle ---
2026-06-09 16:58:41,776 [INFO] Scan: 2 unread conversations
2026-06-09 16:58:41,777 [INFO]   [0] 蒲女士 x2: 您正在与Boss蒲女士沟通
2026-06-09 16:58:41,777 [INFO]   [1] 王照国 x2: 您正在与Boss王照国沟通
2026-06-09 16:58:41,777 [INFO] Opening: [0] 蒲女士
2026-06-09 16:58:44,879 [INFO] Read 6 messages from 蒲女士
2026-06-09 16:58:50,667 [INFO] Reply sent to 蒲女士: 好的，这是我的简历，请查收。期待与您进一步沟通，相信我的AI产品背景能为团队带来价值。...
2026-06-09 16:58:59,679 [INFO] --- New poll cycle ---
2026-06-09 16:59:01,199 [INFO] Scan: 1 unread conversations
2026-06-09 16:59:01,200 [INFO]   [0] 王照国 x2: 您正在与Boss王照国沟通
2026-06-09 16:59:01,200 [INFO] Opening: [0] 王照国
2026-06-09 16:59:04,315 [INFO] Read 6 messages from 王照国
2026-06-09 16:59:10,426 [INFO] Reply sent to 王照国: 感谢您的关注！我的简历已发送，详细介绍了AI Native产品及音乐数据经验，期待与您进一步沟通。...
2026-06-09 16:59:19,433 [INFO] --- New poll cycle ---
2026-06-09 16:59:20,947 [INFO] Scan: 0 unread conversations
2026-06-09 16:59:28,948 [INFO] --- New poll cycle ---
2026-06-09 16:59:30,469 [INFO] Scan: 1 unread conversations
2026-06-09 16:59:30,469 [INFO]   [0] 王照国 x1: 好的
2026-06-09 16:59:30,469 [INFO] Opening: [0] 王照国
2026-06-09 16:59:33,570 [INFO] Read 9 messages from 王照国
2026-06-09 16:59:39,748 [INFO] Reply sent to 王照国: 感谢您的关注！我的简历已发送，详细介绍了AI Native产品及音乐数据经验，期待与您进一步沟通。...
2026-06-09 16:59:48,758 [INFO] --- New poll cycle ---
2026-06-09 16:59:50,281 [INFO] Scan: 0 unread conversations
2026-06-09 16:59:58,282 [INFO] --- New poll cycle ---
2026-06-09 16:59:59,801 [INFO] Scan: 0 unread conversations
2026-06-09 17:00:07,802 [INFO] --- New poll cycle ---
2026-06-09 17:00:09,324 [INFO] Scan: 0 unread conversations
2026-06-09 17:00:17,324 [INFO] --- New poll cycle ---
2026-06-09 17:00:18,857 [INFO] Scan: 0 unread conversations
2026-06-09 17:00:26,859 [INFO] --- New poll cycle ---
2026-06-09 17:00:28,381 [INFO] Scan: 1 unread conversations
2026-06-09 17:00:28,381 [INFO]   [0] 王照国 x1: 薪资待遇：
1、实习期（1-3个月）（无责任底薪3800-4500+提成＋免费住宿+2000-400
2026-06-09 17:00:28,381 [INFO] Opening: [0] 王照国
2026-06-09 17:00:31,481 [INFO] Read 14 messages from 王照国
2026-06-09 17:00:37,177 [INFO] Reply sent to 王照国: 感谢您的关注！我的详细简历已附上，展示了AI Native产品和音乐数据经验，期待与您进一步沟通。...
2026-06-09 17:00:46,188 [INFO] --- New poll cycle ---
2026-06-09 17:00:47,710 [INFO] Scan: 0 unread conversations
2026-06-09 17:00:55,711 [INFO] --- New poll cycle ---
2026-06-09 17:00:57,231 [INFO] Scan: 0 unread conversations
2026-06-09 17:01:05,232 [INFO] --- New poll cycle ---
2026-06-09 17:01:06,753 [INFO] Scan: 0 unread conversations
2026-06-09 17:01:14,755 [INFO] --- New poll cycle ---
2026-06-09 17:01:16,277 [INFO] Scan: 0 unread conversations
2026-06-09 17:01:24,279 [INFO] --- New poll cycle ---
2026-06-09 17:01:25,798 [INFO] Scan: 0 unread conversations
2026-06-09 17:01:33,799 [INFO] --- New poll cycle ---
2026-06-09 17:01:35,319 [INFO] Scan: 0 unread conversations
2026-06-09 17:01:43,320 [INFO] --- New poll cycle ---
2026-06-09 17:01:44,841 [INFO] Scan: 0 unread conversations
2026-06-09 17:01:52,841 [INFO] --- New poll cycle ---
2026-06-09 17:01:54,363 [INFO] Scan: 0 unread conversations
2026-06-09 17:02:02,365 [INFO] --- New poll cycle ---
2026-06-09 17:02:03,887 [INFO] Scan: 0 unread conversations
2026-06-09 17:02:11,887 [INFO] --- New poll cycle ---
2026-06-09 17:02:13,410 [INFO] Scan: 0 unread conversations
2026-06-09 17:02:21,411 [INFO] --- New poll cycle ---
2026-06-09 17:02:22,930 [INFO] Scan: 0 unread conversations
2026-06-09 17:02:30,931 [INFO] --- New poll cycle ---
2026-06-09 17:02:32,452 [INFO] Scan: 0 unread conversations
2026-06-09 17:02:40,454 [INFO] --- New poll cycle ---
2026-06-09 17:02:41,974 [INFO] Scan: 0 unread conversations
2026-06-09 17:02:49,975 [INFO] --- New poll cycle ---
2026-06-09 17:02:51,489 [INFO] Scan: 0 unread conversations
2026-06-09 17:02:59,491 [INFO] --- New poll cycle ---
2026-06-09 17:03:01,007 [INFO] Scan: 0 unread conversations
2026-06-09 17:03:09,008 [INFO] --- New poll cycle ---
2026-06-09 17:03:10,521 [INFO] Scan: 0 unread conversations
2026-06-09 17:03:18,523 [INFO] --- New poll cycle ---
2026-06-09 17:03:20,041 [INFO] Scan: 1 unread conversations
2026-06-09 17:03:20,042 [INFO]   [0] 王照国 x1: 好的，很遗憾，您的需求我们不一致。祝您在BOSS直聘早日找到心仪的工作。
2026-06-09 17:03:20,042 [INFO] Opening: [0] 王照国
2026-06-09 17:03:23,125 [INFO] Read 16 messages from 王照国
2026-06-09 17:03:27,485 [INFO] Reply sent to 王照国: 很抱歉，看错了岗位。我期望的是AI产品经理方向，与ETC推广不匹配。祝您招聘顺利。...
2026-06-09 17:03:36,492 [INFO] --- New poll cycle ---
2026-06-09 17:03:38,003 [INFO] Scan: 0 unread conversations
2026-06-09 17:03:46,004 [INFO] --- New poll cycle ---
2026-06-09 17:03:47,515 [INFO] Scan: 0 unread conversations
2026-06-09 17:03:55,516 [INFO] --- New poll cycle ---
2026-06-09 17:03:57,027 [INFO] Scan: 0 unread conversations
2026-06-09 17:04:05,027 [INFO] --- New poll cycle ---
2026-06-09 17:04:06,548 [INFO] Scan: 0 unread conversations
2026-06-09 17:04:14,550 [INFO] --- New poll cycle ---
2026-06-09 17:04:16,068 [INFO] Scan: 0 unread conversations
2026-06-09 17:04:24,070 [INFO] --- New poll cycle ---
2026-06-09 17:04:25,587 [INFO] Scan: 0 unread conversations
2026-06-09 17:04:33,587 [INFO] --- New poll cycle ---
2026-06-09 17:04:35,103 [INFO] Scan: 0 unread conversations
2026-06-09 17:04:43,104 [INFO] --- New poll cycle ---
2026-06-09 17:04:44,617 [INFO] Scan: 0 unread conversations
2026-06-09 17:04:52,618 [INFO] --- New poll cycle ---
2026-06-09 17:04:54,136 [INFO] Scan: 0 unread conversations
2026-06-09 17:05:02,136 [INFO] --- New poll cycle ---
2026-06-09 17:05:03,656 [INFO] Scan: 0 unread conversations
2026-06-09 17:05:11,657 [INFO] --- New poll cycle ---
2026-06-09 17:05:13,166 [INFO] Scan: 0 unread conversations
2026-06-09 17:05:21,168 [INFO] --- New poll cycle ---
2026-06-09 17:05:22,684 [INFO] Scan: 0 unread conversations
2026-06-09 17:05:30,686 [INFO] --- New poll cycle ---
2026-06-09 17:05:32,203 [INFO] Scan: 0 unread conversations
2026-06-09 17:05:40,204 [INFO] --- New poll cycle ---
2026-06-09 17:05:41,722 [INFO] Scan: 0 unread conversations
2026-06-09 17:05:49,723 [INFO] --- New poll cycle ---
2026-06-09 17:05:51,236 [INFO] Scan: 0 unread conversations
2026-06-09 17:05:59,237 [INFO] --- New poll cycle ---
2026-06-09 17:06:00,755 [INFO] Scan: 0 unread conversations
2026-06-09 17:06:08,757 [INFO] --- New poll cycle ---
2026-06-09 17:06:10,275 [INFO] Scan: 0 unread conversations
2026-06-09 17:06:18,276 [INFO] --- New poll cycle ---
2026-06-09 17:06:19,788 [INFO] Scan: 0 unread conversations
2026-06-09 17:06:33,324 [INFO] --- New poll cycle ---
2026-06-09 17:06:33,325 [INFO] Opening new chat page...
2026-06-09 17:06:41,012 [INFO] Scan: 0 unread conversations
2026-06-09 17:06:49,013 [INFO] --- New poll cycle ---
2026-06-09 17:06:50,533 [INFO] Scan: 0 unread conversations
2026-06-09 17:06:58,534 [INFO] --- New poll cycle ---
2026-06-09 17:07:00,045 [INFO] Scan: 0 unread conversations
2026-06-09 17:07:08,046 [INFO] --- New poll cycle ---
2026-06-09 17:07:09,563 [INFO] Scan: 0 unread conversations
2026-06-09 17:07:17,565 [INFO] --- New poll cycle ---
2026-06-09 17:07:19,082 [INFO] Scan: 0 unread conversations
2026-06-09 17:07:27,083 [INFO] --- New poll cycle ---
2026-06-09 17:07:28,603 [INFO] Scan: 0 unread conversations
2026-06-09 17:07:39,454 [INFO] --- New poll cycle ---
2026-06-09 17:07:39,454 [INFO] Opening new chat page...
2026-06-09 17:07:47,091 [INFO] Scan: 0 unread conversations
2026-06-09 17:07:55,093 [INFO] --- New poll cycle ---
2026-06-09 17:07:56,614 [INFO] Scan: 0 unread conversations
2026-06-09 17:08:04,616 [INFO] --- New poll cycle ---
2026-06-09 17:08:06,139 [INFO] Scan: 0 unread conversations
2026-06-09 17:08:14,140 [INFO] --- New poll cycle ---
2026-06-09 17:08:15,661 [INFO] Scan: 0 unread conversations
2026-06-09 17:08:23,661 [INFO] --- New poll cycle ---
2026-06-09 17:08:25,181 [INFO] Scan: 0 unread conversations
2026-06-09 17:08:33,183 [INFO] --- New poll cycle ---
2026-06-09 17:08:34,704 [INFO] Scan: 0 unread conversations
2026-06-09 17:08:42,705 [INFO] --- New poll cycle ---
2026-06-09 17:08:44,225 [INFO] Scan: 0 unread conversations
2026-06-09 17:08:52,226 [INFO] --- New poll cycle ---
2026-06-09 17:08:53,745 [INFO] Scan: 0 unread conversations
2026-06-09 17:09:01,747 [INFO] --- New poll cycle ---
2026-06-09 17:09:03,266 [INFO] Scan: 0 unread conversations
2026-06-09 17:09:11,268 [INFO] --- New poll cycle ---
2026-06-09 17:09:12,784 [INFO] Scan: 0 unread conversations
2026-06-09 17:09:20,784 [INFO] --- New poll cycle ---
2026-06-09 17:09:22,293 [INFO] Scan: 0 unread conversations
2026-06-09 17:09:30,293 [INFO] --- New poll cycle ---
2026-06-09 17:09:31,808 [INFO] Scan: 0 unread conversations
2026-06-09 17:09:39,809 [INFO] --- New poll cycle ---
2026-06-09 17:09:41,322 [INFO] Scan: 0 unread conversations
2026-06-09 17:09:49,323 [INFO] --- New poll cycle ---
2026-06-09 17:09:50,840 [INFO] Scan: 0 unread conversations
2026-06-09 17:09:58,843 [INFO] --- New poll cycle ---
2026-06-09 17:10:00,359 [INFO] Scan: 0 unread conversations
2026-06-09 17:10:08,362 [INFO] --- New poll cycle ---
2026-06-09 17:10:09,881 [INFO] Scan: 0 unread conversations
2026-06-09 17:10:17,883 [INFO] --- New poll cycle ---
2026-06-09 17:10:19,400 [INFO] Scan: 0 unread conversations
2026-06-09 17:10:27,402 [INFO] --- New poll cycle ---
2026-06-09 17:10:28,923 [INFO] Scan: 0 unread conversations
2026-06-09 17:10:36,924 [INFO] --- New poll cycle ---
2026-06-09 17:10:38,441 [INFO] Scan: 0 unread conversations
2026-06-09 17:10:46,442 [INFO] --- New poll cycle ---
2026-06-09 17:10:47,957 [INFO] Scan: 0 unread conversations
2026-06-09 17:10:55,959 [INFO] --- New poll cycle ---
2026-06-09 17:10:57,483 [INFO] Scan: 0 unread conversations
2026-06-09 17:11:05,485 [INFO] --- New poll cycle ---
2026-06-09 17:11:06,998 [INFO] Scan: 0 unread conversations
2026-06-09 17:11:15,000 [INFO] --- New poll cycle ---
2026-06-09 17:11:16,517 [INFO] Scan: 0 unread conversations
2026-06-09 17:11:24,518 [INFO] --- New poll cycle ---
2026-06-09 17:11:26,033 [INFO] Scan: 0 unread conversations
2026-06-09 17:11:34,033 [INFO] --- New poll cycle ---
2026-06-09 17:11:35,548 [WARNING] Monitor cycle error: 详情标签页已关闭
2026-06-09 17:11:43,549 [INFO] --- New poll cycle ---
2026-06-09 17:11:43,550 [INFO] Opening new chat page...
2026-06-09 17:11:51,399 [INFO] Scan: 0 unread conversations
2026-06-09 17:11:59,399 [INFO] --- New poll cycle ---
2026-06-09 17:12:00,923 [INFO] Scan: 0 unread conversations
2026-06-09 17:12:08,925 [INFO] --- New poll cycle ---
2026-06-09 17:12:10,435 [INFO] Scan: 0 unread conversations
2026-06-09 17:12:18,436 [INFO] --- New poll cycle ---
2026-06-09 17:12:19,949 [INFO] Scan: 0 unread conversations
2026-06-09 17:12:27,950 [INFO] --- New poll cycle ---
2026-06-09 17:12:29,463 [INFO] Scan: 0 unread conversations
2026-06-09 17:12:37,464 [INFO] --- New poll cycle ---
2026-06-09 17:12:38,983 [INFO] Scan: 0 unread conversations
2026-06-09 17:12:46,984 [INFO] --- New poll cycle ---
2026-06-09 17:12:48,504 [INFO] Scan: 0 unread conversations
2026-06-09 17:12:56,504 [INFO] --- New poll cycle ---
2026-06-09 17:12:58,026 [INFO] Scan: 0 unread conversations
2026-06-09 17:13:06,027 [INFO] --- New poll cycle ---
2026-06-09 17:13:07,545 [INFO] Scan: 0 unread conversations
2026-06-09 17:13:15,546 [INFO] --- New poll cycle ---
2026-06-09 17:13:17,067 [INFO] Scan: 0 unread conversations
2026-06-09 17:13:25,068 [INFO] --- New poll cycle ---
2026-06-09 17:13:26,589 [INFO] Scan: 0 unread conversations
2026-06-09 17:13:34,589 [INFO] --- New poll cycle ---
2026-06-09 17:13:36,109 [INFO] Scan: 0 unread conversations
2026-06-09 17:13:44,111 [INFO] --- New poll cycle ---
2026-06-09 17:13:45,631 [INFO] Scan: 0 unread conversations
2026-06-09 17:13:53,632 [INFO] --- New poll cycle ---
2026-06-09 17:13:55,143 [INFO] Scan: 0 unread conversations
2026-06-09 17:14:03,144 [INFO] --- New poll cycle ---
2026-06-09 17:14:04,658 [INFO] Scan: 0 unread conversations
2026-06-09 17:14:12,660 [INFO] --- New poll cycle ---
2026-06-09 17:14:14,182 [INFO] Scan: 0 unread conversations
2026-06-09 17:14:22,184 [INFO] --- New poll cycle ---
2026-06-09 17:14:23,705 [INFO] Scan: 0 unread conversations
2026-06-09 17:14:31,708 [INFO] --- New poll cycle ---
2026-06-09 17:14:33,221 [INFO] Scan: 0 unread conversations
2026-06-09 17:14:41,222 [INFO] --- New poll cycle ---
2026-06-09 17:14:42,741 [INFO] Scan: 0 unread conversations
2026-06-09 17:14:50,743 [INFO] --- New poll cycle ---
2026-06-09 17:14:52,263 [INFO] Scan: 0 unread conversations
2026-06-09 17:15:00,266 [INFO] --- New poll cycle ---
2026-06-09 17:15:01,786 [INFO] Scan: 0 unread conversations
2026-06-09 17:15:09,788 [INFO] --- New poll cycle ---
2026-06-09 17:15:11,297 [INFO] Scan: 0 unread conversations
2026-06-09 17:15:19,297 [INFO] --- New poll cycle ---
2026-06-09 17:15:20,814 [INFO] Scan: 0 unread conversations
2026-06-09 17:15:28,816 [INFO] --- New poll cycle ---
2026-06-09 17:15:30,333 [INFO] Scan: 0 unread conversations
2026-06-09 17:15:38,334 [INFO] --- New poll cycle ---
2026-06-09 17:15:39,853 [INFO] Scan: 0 unread conversations
2026-06-09 17:15:47,854 [INFO] --- New poll cycle ---
2026-06-09 17:15:49,366 [INFO] Scan: 0 unread conversations
2026-06-09 17:15:57,372 [INFO] --- New poll cycle ---
2026-06-09 17:15:58,903 [INFO] Scan: 0 unread conversations
2026-06-09 17:16:06,904 [INFO] --- New poll cycle ---
2026-06-09 17:16:08,424 [INFO] Scan: 0 unread conversations
2026-06-09 17:16:16,426 [INFO] --- New poll cycle ---
2026-06-09 17:16:17,945 [INFO] Scan: 0 unread conversations
2026-06-09 17:16:25,946 [INFO] --- New poll cycle ---
2026-06-09 17:16:27,462 [INFO] Scan: 0 unread conversations
2026-06-09 17:16:35,464 [INFO] --- New poll cycle ---
2026-06-09 17:16:36,985 [INFO] Scan: 0 unread conversations
2026-06-09 17:16:44,986 [INFO] --- New poll cycle ---
2026-06-09 17:16:46,499 [INFO] Scan: 0 unread conversations
2026-06-09 17:16:54,500 [INFO] --- New poll cycle ---
2026-06-09 17:16:56,011 [INFO] Scan: 0 unread conversations
2026-06-09 17:17:04,013 [INFO] --- New poll cycle ---
2026-06-09 17:17:05,531 [INFO] Scan: 0 unread conversations
2026-06-09 17:17:13,532 [INFO] --- New poll cycle ---
2026-06-09 17:17:15,052 [INFO] Scan: 0 unread conversations
2026-06-09 17:17:23,054 [INFO] --- New poll cycle ---
2026-06-09 17:17:24,573 [INFO] Scan: 0 unread conversations
2026-06-09 17:17:32,575 [INFO] --- New poll cycle ---
2026-06-09 17:17:34,093 [INFO] Scan: 0 unread conversations
2026-06-09 17:17:42,094 [INFO] --- New poll cycle ---
2026-06-09 17:17:42,096 [INFO] Opening new chat page...
2026-06-09 17:17:48,342 [WARNING] Monitor cycle error: 详情标签页已关闭
2026-06-09 17:17:56,344 [INFO] --- New poll cycle ---
2026-06-09 17:17:56,345 [INFO] Opening new chat page...
2026-06-09 17:18:02,608 [WARNING] Monitor cycle error: 详情标签页已关闭
2026-06-09 17:18:10,609 [INFO] --- New poll cycle ---
2026-06-09 17:18:10,609 [INFO] Opening new chat page...
2026-06-09 17:18:18,426 [INFO] Scan: 0 unread conversations
2026-06-09 17:18:26,427 [INFO] --- New poll cycle ---
2026-06-09 17:18:27,939 [INFO] Scan: 0 unread conversations
2026-06-09 17:18:35,940 [INFO] --- New poll cycle ---
2026-06-09 17:18:37,448 [INFO] Scan: 0 unread conversations
2026-06-09 17:18:45,450 [INFO] --- New poll cycle ---
2026-06-09 17:18:46,965 [INFO] Scan: 0 unread conversations
2026-06-09 17:18:54,966 [INFO] --- New poll cycle ---
2026-06-09 17:18:56,479 [INFO] Scan: 0 unread conversations
2026-06-09 17:19:04,480 [INFO] --- New poll cycle ---
2026-06-09 17:19:05,996 [INFO] Scan: 0 unread conversations
2026-06-09 17:19:13,997 [INFO] --- New poll cycle ---
2026-06-09 17:19:15,515 [INFO] Scan: 0 unread conversations
2026-06-09 17:19:23,516 [INFO] --- New poll cycle ---
2026-06-09 17:19:25,039 [INFO] Scan: 0 unread conversations
2026-06-09 17:19:33,040 [INFO] --- New poll cycle ---
2026-06-09 17:19:34,552 [INFO] Scan: 0 unread conversations
2026-06-09 17:19:42,552 [INFO] --- New poll cycle ---
2026-06-09 17:19:44,067 [INFO] Scan: 0 unread conversations
2026-06-09 17:19:52,068 [INFO] --- New poll cycle ---
2026-06-09 17:19:53,586 [INFO] Scan: 0 unread conversations
2026-06-09 17:20:01,587 [INFO] --- New poll cycle ---
2026-06-09 17:20:03,102 [INFO] Scan: 0 unread conversations
2026-06-09 17:20:12,383 [INFO] --- New poll cycle ---
2026-06-09 17:20:12,383 [INFO] Opening new chat page...
2026-06-09 17:21:42,890 [INFO] --- New poll cycle ---
2026-06-09 17:21:42,890 [INFO] Opening new chat page...
2026-06-09 17:28:43,460 [INFO] --- New poll cycle ---
2026-06-09 17:28:43,460 [INFO] Opening new chat page...
2026-06-09 17:29:32,271 [INFO] --- New poll cycle ---
2026-06-09 17:29:32,272 [INFO] Opening new chat page...
2026-06-09 17:29:39,920 [INFO] Scan: 0 unread conversations
2026-06-09 17:29:47,922 [INFO] --- New poll cycle ---
2026-06-09 17:29:49,438 [INFO] Scan: 0 unread conversations
2026-06-09 17:29:57,440 [INFO] --- New poll cycle ---
2026-06-09 17:29:58,960 [INFO] Scan: 0 unread conversations
2026-06-09 17:30:06,961 [INFO] --- New poll cycle ---
2026-06-09 17:30:08,488 [INFO] Scan: 0 unread conversations
2026-06-09 17:30:16,489 [INFO] --- New poll cycle ---
2026-06-09 17:30:18,006 [INFO] Scan: 0 unread conversations
2026-06-09 17:30:26,008 [INFO] --- New poll cycle ---
2026-06-09 17:30:27,526 [INFO] Scan: 0 unread conversations
2026-06-09 17:30:35,527 [INFO] --- New poll cycle ---
2026-06-09 17:30:37,036 [INFO] Scan: 0 unread conversations
2026-06-09 17:30:45,037 [INFO] --- New poll cycle ---
2026-06-09 17:30:46,550 [INFO] Scan: 0 unread conversations
2026-06-09 17:30:54,552 [INFO] --- New poll cycle ---
2026-06-09 17:30:56,071 [INFO] Scan: 0 unread conversations
2026-06-09 17:31:04,072 [INFO] --- New poll cycle ---
2026-06-09 17:31:05,594 [INFO] Scan: 0 unread conversations
2026-06-09 17:31:13,596 [INFO] --- New poll cycle ---
2026-06-09 17:31:15,109 [INFO] Scan: 0 unread conversations
2026-06-09 17:31:23,109 [INFO] --- New poll cycle ---
2026-06-09 17:31:24,621 [INFO] Scan: 0 unread conversations
2026-06-09 17:31:32,623 [INFO] --- New poll cycle ---
2026-06-09 17:31:34,141 [INFO] Scan: 0 unread conversations
2026-06-09 17:31:42,143 [INFO] --- New poll cycle ---
2026-06-09 17:31:43,662 [INFO] Scan: 0 unread conversations
2026-06-09 17:31:51,664 [INFO] --- New poll cycle ---
2026-06-09 17:31:53,175 [INFO] Scan: 0 unread conversations
2026-06-09 17:32:01,175 [INFO] --- New poll cycle ---
2026-06-09 17:32:02,686 [INFO] Scan: 0 unread conversations
2026-06-09 17:32:10,688 [INFO] --- New poll cycle ---
2026-06-09 17:32:12,205 [INFO] Scan: 0 unread conversations
2026-06-09 17:32:20,206 [INFO] --- New poll cycle ---
2026-06-09 17:32:21,719 [INFO] Scan: 1 unread conversations
2026-06-09 17:32:21,719 [INFO]   [0] 石阳霖 x1: 黄森泉，您好，看到您的经历介绍。我们提供日结薪资，无上限且月入过万，同时享有弹性工作制，时间灵活；此
2026-06-09 17:32:21,719 [INFO] Opening: [0] 石阳霖
2026-06-09 17:32:24,827 [INFO] Read 1 messages from 石阳霖
2026-06-09 17:32:26,678 [INFO] AI: wait for 石阳霖
2026-06-09 17:32:35,704 [INFO] --- New poll cycle ---
2026-06-09 17:32:37,210 [INFO] Scan: 0 unread conversations
2026-06-09 17:32:45,211 [INFO] --- New poll cycle ---
2026-06-09 17:32:46,725 [INFO] Scan: 0 unread conversations
2026-06-09 17:32:54,726 [INFO] --- New poll cycle ---
2026-06-09 17:32:56,238 [INFO] Scan: 1 unread conversations
2026-06-09 17:32:56,238 [INFO]   [0] 鲁怡 x2: 关注到贵司在重庆招聘web产品经理，我具备10年产品与技术复合背景，近期独立孵化AI Native产
2026-06-09 17:32:56,238 [INFO] Opening: [0] 鲁怡
2026-06-09 17:32:59,316 [INFO] Read 5 messages from 鲁怡
2026-06-09 17:33:01,631 [INFO] Waiting 30s before replying (natural pacing)...
